<?xml version="1.0" encoding="UTF-8"?>
<!-- Generated by org.testng.reporters.JUnitXMLReporter -->
<testsuite ignored="0" hostname="LAPTOP-Q4N0C9TS" failures="0" tests="5" name="Default test" time="13.261" errors="0" timestamp="17 Sep 2021 11:25:49 GMT">
  <testcase classname="selenium1.test1.amazondemo" name="testJbkTitle" time="2.516"/>
  <testcase classname="selenium1.test1.amazondemo" name="testJbkTitleInvalid" time="0.419"/>
  <testcase classname="selenium1.test1.amazondemo" name="testJbkTitlesubmit" time="1.724"/>
  <testcase classname="selenium1.test1.amazondemo" name="testJbkTitlecheck" time="0.188"/>
  <testcase classname="selenium1.test1.amazondemo" name="testJbkTitlescroll" time="6.037"/>
</testsuite> <!-- Default test -->
