<?xml version="1.0" encoding="UTF-8"?>
<testng-results ignored="0" total="5" passed="5" failed="0" skipped="0">
  <reporter-output>
  </reporter-output>
  <suite started-at="2021-09-17T11:25:36Z" name="Default suite" finished-at="2021-09-17T11:25:49Z" duration-ms="13261">
    <groups>
    </groups>
    <test started-at="2021-09-17T11:25:36Z" name="Default test" finished-at="2021-09-17T11:25:49Z" duration-ms="13261">
      <class name="selenium1.test1.amazondemo">
        <test-method is-config="true" signature="beforeTest()[pri:0, instance:selenium1.test1.amazondemo@750e2b97]" started-at="2021-09-17T11:25:36Z" name="beforeTest" finished-at="2021-09-17T11:25:38Z" duration-ms="1638" status="PASS">
          <reporter-output>
          </reporter-output>
        </test-method> <!-- beforeTest -->
        <test-method signature="testJbkTitle()[pri:0, instance:selenium1.test1.amazondemo@750e2b97]" started-at="2021-09-17T11:25:38Z" name="testJbkTitle" finished-at="2021-09-17T11:25:40Z" duration-ms="2516" status="PASS">
          <reporter-output>
          </reporter-output>
        </test-method> <!-- testJbkTitle -->
        <test-method signature="testJbkTitleInvalid()[pri:1, instance:selenium1.test1.amazondemo@750e2b97]" started-at="2021-09-17T11:25:40Z" name="testJbkTitleInvalid" finished-at="2021-09-17T11:25:41Z" duration-ms="419" status="PASS">
          <reporter-output>
          </reporter-output>
        </test-method> <!-- testJbkTitleInvalid -->
        <test-method signature="testJbkTitlesubmit()[pri:2, instance:selenium1.test1.amazondemo@750e2b97]" started-at="2021-09-17T11:25:41Z" name="testJbkTitlesubmit" finished-at="2021-09-17T11:25:42Z" duration-ms="1724" status="PASS">
          <reporter-output>
          </reporter-output>
        </test-method> <!-- testJbkTitlesubmit -->
        <test-method signature="testJbkTitlecheck()[pri:3, instance:selenium1.test1.amazondemo@750e2b97]" started-at="2021-09-17T11:25:42Z" name="testJbkTitlecheck" finished-at="2021-09-17T11:25:43Z" duration-ms="188" status="PASS">
          <reporter-output>
          </reporter-output>
        </test-method> <!-- testJbkTitlecheck -->
        <test-method signature="testJbkTitlescroll()[pri:3, instance:selenium1.test1.amazondemo@750e2b97]" started-at="2021-09-17T11:25:43Z" name="testJbkTitlescroll" finished-at="2021-09-17T11:25:49Z" duration-ms="6037" status="PASS">
          <reporter-output>
          </reporter-output>
        </test-method> <!-- testJbkTitlescroll -->
        <test-method is-config="true" signature="afterTest()[pri:0, instance:selenium1.test1.amazondemo@750e2b97]" started-at="2021-09-17T11:25:49Z" name="afterTest" finished-at="2021-09-17T11:25:49Z" duration-ms="719" status="PASS">
          <reporter-output>
          </reporter-output>
        </test-method> <!-- afterTest -->
      </class> <!-- selenium1.test1.amazondemo -->
    </test> <!-- Default test -->
  </suite> <!-- Default suite -->
</testng-results>
